This is pdfTeX, Version 3.141592653-2.6-1.40.27 (MiKTeX 25.4) (preloaded format=pdflatex 2026.4.8)  8 APR 2026 16:31
entering extended mode
 restricted \write18 enabled.
 %&-line parsing enabled.
**./DOC/Documentacao_Laboratorio_UFOP.tex
(DOC/Documentacao_Laboratorio_UFOP.tex
LaTeX2e <2025-11-01>
L3 programming layer <2025-11-06>
(C:\Users\Samantha\AppData\Local\Programs\MiKTeX\tex/latex/base\article.cls
Document Class: article 2025/01/22 v1.4n Standard LaTeX document class
(C:\Users\Samantha\AppData\Local\Programs\MiKTeX\tex/latex/base\size12.clo
File: size12.clo 2025/01/22 v1.4n Standard LaTeX file (size option)
)
\c@part=\count275
\c@section=\count276
\c@subsection=\count277
\c@subsubsection=\count278
\c@paragraph=\count279
\c@subparagraph=\count280
\c@figure=\count281
\c@table=\count282
\abovecaptionskip=\skip49
\belowcaptionskip=\skip50
\bibindent=\dimen148
)
(C:\Users\Samantha\AppData\Local\Programs\MiKTeX\tex/latex/l3backend\l3backend-
pdftex.def
File: l3backend-pdftex.def 2025-10-09 L3 backend support: PDF output (pdfTeX)
\l__color_backend_stack_int=\count283
)
(C:\Users\Samantha\Documents\code\DOCKER\LARAVEL\departament\DOC\Documentacao_L
aboratorio_UFOP.aux)
\openout1 = `Documentacao_Laboratorio_UFOP.aux'.

LaTeX Font Info:    Checking defaults for OML/cmm/m/it on input line 7.
LaTeX Font Info:    ... okay on input line 7.
LaTeX Font Info:    Checking defaults for OMS/cmsy/m/n on input line 7.
LaTeX Font Info:    ... okay on input line 7.
LaTeX Font Info:    Checking defaults for OT1/cmr/m/n on input line 7.
LaTeX Font Info:    ... okay on input line 7.
LaTeX Font Info:    Checking defaults for T1/cmr/m/n on input line 7.
LaTeX Font Info:    ... okay on input line 7.
LaTeX Font Info:    Checking defaults for TS1/cmr/m/n on input line 7.
LaTeX Font Info:    ... okay on input line 7.
LaTeX Font Info:    Checking defaults for OMX/cmex/m/n on input line 7.
LaTeX Font Info:    ... okay on input line 7.
LaTeX Font Info:    Checking defaults for U/cmr/m/n on input line 7.
LaTeX Font Info:    ... okay on input line 7.
LaTeX Font Info:    External font `cmex10' loaded for size
(Font)              <14.4> on input line 8.
LaTeX Font Info:    External font `cmex10' loaded for size
(Font)              <7> on input line 8.

(C:\Users\Samantha\Documents\code\DOCKER\LARAVEL\departament\DOC\Documentacao_L
aboratorio_UFOP.toc
LaTeX Font Info:    External font `cmex10' loaded for size
(Font)              <12> on input line 3.
LaTeX Font Info:    External font `cmex10' loaded for size
(Font)              <8> on input line 3.
LaTeX Font Info:    External font `cmex10' loaded for size
(Font)              <6> on input line 3.
 [1

{C:/Users/Samantha/AppData/Local/MiKTeX/fonts/map/pdftex/pdftex.map}])
\tf@toc=\write3
\openout3 = `Documentacao_Laboratorio_UFOP.toc'.

 [2] [3] [4]
Overfull \hbox (72.64828pt too wide) in paragraph at lines 75--76
[]\OT1/cmr/m/n/12 header e footer co-muns em \OT1/cmtt/m/n/12 app/includes/head
er.php \OT1/cmr/m/n/12 e \OT1/cmtt/m/n/12 app/includes/footer.php\OT1/cmr/m/n/1
2 ; 
 []

[5]
Overfull \hbox (2.70071pt too wide) in paragraph at lines 126--127
[]\OT1/cmr/m/n/12 gestao das pag-i-nas do lab-o-ra-to-rio: \OT1/cmtt/m/n/12 /ad
min/laboratorio-paginas.php\OT1/cmr/m/n/12 ; 
 []

[6] [7] [8] [9]
(C:\Users\Samantha\Documents\code\DOCKER\LARAVEL\departament\DOC\Documentacao_L
aboratorio_UFOP.aux)
 ***********
LaTeX2e <2025-11-01>
L3 programming layer <2025-11-06>
 ***********
 ) 
Here is how much of TeX's memory you used:
 483 strings out of 467871
 9879 string characters out of 5416925
 442736 words of memory out of 5000000
 29428 multiletter control sequences out of 15000+600000
 633395 words of font info for 59 fonts, out of 8000000 for 9000
 1141 hyphenation exceptions out of 8191
 35i,6n,38p,370b,199s stack positions out of 10000i,1000n,20000p,200000b,200000s
 <C:\Users\Samantha\AppData\Local\MiKTeX\fonts/pk/ljfour/jknappen/ec/dpi600\t
crm1200.pk><C:/Users/Samantha/AppData/Local/Programs/MiKTeX/fonts/type1/public/
amsfonts/cm/cmbx12.pfb><C:/Users/Samantha/AppData/Local/Programs/MiKTeX/fonts/t
ype1/public/amsfonts/cm/cmr12.pfb><C:/Users/Samantha/AppData/Local/Programs/MiK
TeX/fonts/type1/public/amsfonts/cm/cmr17.pfb><C:/Users/Samantha/AppData/Local/P
rograms/MiKTeX/fonts/type1/public/amsfonts/cm/cmtt12.pfb>
Output written on C:\Users\Samantha\Documents\code\DOCKER\LARAVEL\departament\D
OC\Documentacao_Laboratorio_UFOP.pdf (9 pages, 76302 bytes).
PDF statistics:
 57 PDF objects out of 1000 (max. 8388607)
 0 named destinations out of 1000 (max. 500000)
 1 words of extra memory for PDF output out of 10000 (max. 10000000)

